[109110:109110:0105/134355.724828:WARNING:chrome_main_delegate.cc(672)] This is Chrome version 131.0.6778.139 (not a warning)
[109110:109110:0105/134355.928918:WARNING:account_consistency_mode_manager.cc(77)] Desktop Identity Consistency cannot be enabled as no OAuth client ID and client secret have been configured.
[109160:109160:0105/134356.044691:WARNING:sandbox_linux.cc(430)] InitializeSandbox() called with multiple threads in process gpu-process.
[109160:109160:0105/134356.045742:WARNING:viz_main_impl.cc(85)] VizNullHypothesis is disabled (not a warning)
[109110:109110:0105/134356.371635:ERROR:object_proxy.cc(576)] Failed to call method: org.freedesktop.ScreenSaver.GetActive: object_path= /org/freedesktop/ScreenSaver: org.freedesktop.DBus.Error.NotSupported: This method is not part of the idle inhibition specification: https://specifications.freedesktop.org/idle-inhibit-spec/latest/
[109110:109110:0105/134359.128916:INFO:CONSOLE(2)] "Error", source: https://client.protechts.net/PXdOjV695v/main.min.js (2)
[109265:24:0105/134359.327454:INFO:peer_connection_dependency_factory.cc(744)] Running WebRTC with a combined Network and Worker thread.
[109110:109110:0105/134359.485187:WARNING:capture_device_ranking.h(255)] Can't initialize the value of media.audio_input.user_preference_ranking because media.default_audio_capture_device isn't registered or is empty
[109110:109110:0105/134359.485258:WARNING:capture_device_ranking.h(255)] Can't initialize the value of media.video_input.user_preference_ranking because media.default_video_capture_Device isn't registered or is empty
[109110:109110:0105/134400.319566:INFO:CONSOLE(8)] "visitor.publishDestinations() result: The destination publishing iframe is already attached and loaded.", source: https://platform.linkedin.com/litms/utag/voyager-web-jobs/utag.js?cb=1736095200000 (8)
[109110:109110:0105/134400.330243:INFO:CONSOLE(54)] "Refused to create a TrustedTypePolicy named 'goog#html' because it violates the following Content Security Policy directive: "trusted-types 'allow-duplicates' default jSecure highcharts dompurify".", source: https://www.googletagmanager.com/gtag/js (54)
[109110:109110:0105/134400.810313:INFO:CONSOLE(109)] "Refused to create a TrustedTypePolicy named 'goog#html' because it violates the following Content Security Policy directive: "trusted-types 'allow-duplicates' default jSecure highcharts dompurify".", source: https://www.googletagmanager.com/gtag/js?id=AW-851212376&l=dataLayer&cx=c&gtm=453e4cc1za200 (109)
[109110:109110:0105/134407.371013:INFO:CONSOLE(8514)] "No viewHierarchy provided or found from element.", source: https://static.licdn.com/aero-v1/sc/h/4f89ycg40p8am45yqyy3u7p11 (8514)
[109110:109110:0105/134407.371327:INFO:CONSOLE(8514)] "No viewHierarchy provided or found from element.", source: https://static.licdn.com/aero-v1/sc/h/4f89ycg40p8am45yqyy3u7p11 (8514)
[109110:109110:0105/134407.371435:INFO:CONSOLE(8514)] "No viewHierarchy provided or found from element.", source: https://static.licdn.com/aero-v1/sc/h/4f89ycg40p8am45yqyy3u7p11 (8514)
[109110:109110:0105/134407.371749:INFO:CONSOLE(8514)] "No viewHierarchy provided or found from element.", source: https://static.licdn.com/aero-v1/sc/h/4f89ycg40p8am45yqyy3u7p11 (8514)
[109110:109110:0105/134407.371990:INFO:CONSOLE(8514)] "No viewHierarchy provided or found from element.", source: https://static.licdn.com/aero-v1/sc/h/4f89ycg40p8am45yqyy3u7p11 (8514)
[109110:109110:0105/134408.449348:INFO:CONSOLE(8)] "visitor.publishDestinations() result: The destination publishing iframe is already attached and loaded.", source: https://platform.linkedin.com/litms/utag/voyager-web-jobs/utag.js?cb=1736095200000 (8)
[109110:109110:0105/134421.166226:INFO:CONSOLE(8)] "visitor.publishDestinations() result: The destination publishing iframe is already attached and loaded.", source: https://platform.linkedin.com/litms/utag/voyager-web-jobs/utag.js?cb=1736095200000 (8)
[109110:109110:0105/134421.229822:WARNING:browser_main_loop.cc(281)] <unknown>: atk-bridge: get_device_events_reply: unknown signature
[109110:109110:0105/134424.007964:INFO:CONSOLE(8)] "visitor.publishDestinations() result: The destination publishing iframe is already attached and loaded.", source: https://platform.linkedin.com/litms/utag/voyager-web-jobs/utag.js?cb=1736095200000 (8)
[109110:109110:0105/134430.840794:INFO:CONSOLE(8)] "visitor.publishDestinations() result: The destination publishing iframe is already attached and loaded.", source: https://platform.linkedin.com/litms/utag/voyager-web-jobs/utag.js?cb=1736095200000 (8)
[109110:109110:0105/134437.416027:INFO:CONSOLE(8)] "visitor.publishDestinations() result: The destination publishing iframe is already attached and loaded.", source: https://platform.linkedin.com/litms/utag/voyager-web-jobs/utag.js?cb=1736095200000 (8)
[109110:109110:0105/134443.716366:INFO:CONSOLE(8)] "visitor.publishDestinations() result: The destination publishing iframe is already attached and loaded.", source: https://platform.linkedin.com/litms/utag/voyager-web-jobs/utag.js?cb=1736095200000 (8)
[109110:109110:0105/134450.383629:INFO:CONSOLE(8)] "visitor.publishDestinations() result: The destination publishing iframe is already attached and loaded.", source: https://platform.linkedin.com/litms/utag/voyager-web-jobs/utag.js?cb=1736095200000 (8)
